#
# There is insufficient memory for the Java Runtime Environment to continue.
# Native memory allocation (malloc) failed to allocate 1048576 bytes for AllocateHeap
# Possible reasons:
#   The system is out of physical RAM or swap space
#   The process is running with CompressedOops enabled, and the Java Heap may be blocking the growth of the native heap
# Possible solutions:
#   Reduce memory load on the system
#   Increase physical memory or swap space
#   Check if swap backing store is full
#   Decrease Java heap size (-Xmx/-Xms)
#   Decrease number of Java threads
#   Decrease Java thread stack sizes (-Xss)
#   Set larger code cache with -XX:ReservedCodeCacheSize=
#   JVM is running with Unscaled Compressed Oops mode in which the Java heap is
#     placed in the first 4GB address space. The Java Heap base address is the
#     maximum limit for the native heap growth. Please use -XX:HeapBaseMinAddress
#     to set the Java Heap base and to place the Java Heap above 4GB virtual address.
# This output file may be truncated or incomplete.
#
#  Out of Memory Error (allocation.cpp:44), pid=15700, tid=16636
#
# JRE version:  (17.0.5+1) (build )
# Java VM: OpenJDK 64-Bit Server VM (17.0.5+1-b653.14, mixed mode, sharing, tiered, compressed oops, compressed class ptrs, g1 gc, windows-amd64)
# No core dump will be written. Minidumps are not enabled by default on client versions of Windows
#

---------------  S U M M A R Y ------------

Command Line: git4idea.http.GitAskPassApp Username for 'https://github.com': 

Host: AMD Ryzen 5 2600 Six-Core Processor            , 12 cores, 15G,  Windows 10 , 64 bit Build 19041 (10.0.19041.2364)
Time: Sat Feb 11 21:21:51 2023 Central Europe Standard Time elapsed time: 0.012560 seconds (0d 0h 0m 0s)

---------------  T H R E A D  ---------------

Current thread (0x000002254f9a4e40):  JavaThread "Unknown thread" [_thread_in_vm, id=16636, stack(0x0000007ea6c00000,0x0000007ea6d00000)]

Stack: [0x0000007ea6c00000,0x0000007ea6d00000]
Native frames: (J=compiled Java code, j=interpreted, Vv=VM code, C=native code)
V  [jvm.dll+0x6830ca]
V  [jvm.dll+0x83f4c4]
V  [jvm.dll+0x840c6e]
V  [jvm.dll+0x8412d3]
V  [jvm.dll+0x2490b5]
V  [jvm.dll+0xa64cf]
V  [jvm.dll+0x2dace4]
V  [jvm.dll+0x810d5c]
V  [jvm.dll+0x36df31]
V  [jvm.dll+0x7f028c]
V  [jvm.dll+0x3f0cbf]
V  [jvm.dll+0x3f2801]
C  [jli.dll+0x526b]
C  [ucrtbase.dll+0x21bb2]
C  [KERNEL32.DLL+0x17614]
C  [ntdll.dll+0x526a1]


---------------  P R O C E S S  ---------------

Threads class SMR info:
_java_thread_list=0x00007ffabd288f98, length=0, elements={
}

Java Threads: ( => current thread )

Other Threads:

=>0x000002254f9a4e40 (exited) JavaThread "Unknown thread" [_thread_in_vm, id=16636, stack(0x0000007ea6c00000,0x0000007ea6d00000)]

Threads with active compile tasks:

VM state: not at safepoint (not fully initialized)

VM Mutex/Monitor currently owned by a thread: None

Heap address: 0x0000000000000000, size: 0 MB, Compressed Oops mode: 32-bit

CDS archive(s) mapped at: [0x0000000000000000-0x0000000000000000-0x0000000000000000), size 0, SharedBaseAddress: 0x0000000800000000, ArchiveRelocationMode: 0.
Narrow klass base: 0x0000000000000000, Narrow klass shift: 0, Narrow klass range: 0x0

GC Precious Log:
<Empty>

GC Heap History (0 events):
No events

Dll operation events (1 events):
Event: 0.007 Loaded shared library C:\Program Files\JetBrains\IntelliJ IDEA 2021.2\jbr\bin\java.dll

Deoptimization events (0 events):
No events

Classes unloaded (0 events):
No events

Classes redefined (0 events):
No events

Internal exceptions (0 events):
No events

VM Operations (0 events):
No events

Events (0 events):
No events


Dynamic libraries:
0x00007ff7af860000 - 0x00007ff7af86a000 	C:\Program Files\JetBrains\IntelliJ IDEA 2021.2\jbr\bin\java.exe
0x00007ffafd590000 - 0x00007ffafd788000 	C:\Windows\SYSTEM32\ntdll.dll
0x00007ffafc0b0000 - 0x00007ffafc16f000 	C:\Windows\System32\KERNEL32.DLL
0x00007ffafb100000 - 0x00007ffafb3d2000 	C:\Windows\System32\KERNELBASE.dll
0x00007ffafae40000 - 0x00007ffafaf40000 	C:\Windows\System32\ucrtbase.dll
0x00007ffad44c0000 - 0x00007ffad44db000 	C:\Program Files\JetBrains\IntelliJ IDEA 2021.2\jbr\bin\VCRUNTIME140.dll
0x00007ffac8500000 - 0x00007ffac8517000 	C:\Program Files\JetBrains\IntelliJ IDEA 2021.2\jbr\bin\jli.dll
0x00007ffafcd10000 - 0x00007ffafceb1000 	C:\Windows\System32\USER32.dll
0x00007ffafb0a0000 - 0x00007ffafb0c2000 	C:\Windows\System32\win32u.dll
0x00007ffaebd50000 - 0x00007ffaebfea000 	C:\Windows\WinSxS\amd64_microsoft.windows.common-controls_6595b64144ccf1df_6.0.19041.1110_none_60b5254171f9507e\COMCTL32.dll
0x00007ffafb930000 - 0x00007ffafb95b000 	C:\Windows\System32\GDI32.dll
0x00007ffafc980000 - 0x00007ffafca1e000 	C:\Windows\System32\msvcrt.dll
0x00007ffafac80000 - 0x00007ffafad8f000 	C:\Windows\System32\gdi32full.dll
0x00007ffafb470000 - 0x00007ffafb50d000 	C:\Windows\System32\msvcp_win.dll
0x00007ffafcbf0000 - 0x00007ffafcc22000 	C:\Windows\System32\IMM32.DLL
0x00007ffad4ae0000 - 0x00007ffad4aec000 	C:\Program Files\JetBrains\IntelliJ IDEA 2021.2\jbr\bin\vcruntime140_1.dll
0x00007ffac2f10000 - 0x00007ffac2f9d000 	C:\Program Files\JetBrains\IntelliJ IDEA 2021.2\jbr\bin\msvcp140.dll
0x00007ffabc750000 - 0x00007ffabd3bb000 	C:\Program Files\JetBrains\IntelliJ IDEA 2021.2\jbr\bin\server\jvm.dll
0x00007ffafcb40000 - 0x00007ffafcbee000 	C:\Windows\System32\ADVAPI32.dll
0x00007ffafc170000 - 0x00007ffafc20c000 	C:\Windows\System32\sechost.dll
0x00007ffafcec0000 - 0x00007ffafcfe5000 	C:\Windows\System32\RPCRT4.dll
0x00007ffa938c0000 - 0x00007ffa938c9000 	C:\Windows\SYSTEM32\WSOCK32.dll
0x00007ffafd460000 - 0x00007ffafd4cb000 	C:\Windows\System32\WS2_32.dll
0x00007ffaf2290000 - 0x00007ffaf22b7000 	C:\Windows\SYSTEM32\WINMM.dll
0x00007ffaf3c70000 - 0x00007ffaf3c7a000 	C:\Windows\SYSTEM32\VERSION.dll
0x00007ffaf8b20000 - 0x00007ffaf8b32000 	C:\Windows\SYSTEM32\kernel.appcore.dll
0x00007ffaf81f0000 - 0x00007ffaf81fa000 	C:\Program Files\JetBrains\IntelliJ IDEA 2021.2\jbr\bin\jimage.dll
0x00007ffaf3fc0000 - 0x00007ffaf41a4000 	C:\Windows\SYSTEM32\DBGHELP.DLL
0x00007ffaec430000 - 0x00007ffaec465000 	C:\Windows\SYSTEM32\dbgcore.DLL
0x00007ffafb3e0000 - 0x00007ffafb462000 	C:\Windows\System32\bcryptPrimitives.dll
0x00007ffaf5c30000 - 0x00007ffaf5c55000 	C:\Program Files\JetBrains\IntelliJ IDEA 2021.2\jbr\bin\java.dll

dbghelp: loaded successfully - version: 4.0.5 - missing functions: none
symbol engine: initialized successfully - sym options: 0x614 - pdb path: .;C:\Program Files\JetBrains\IntelliJ IDEA 2021.2\jbr\bin;C:\Windows\SYSTEM32;C:\Windows\WinSxS\amd64_microsoft.windows.common-controls_6595b64144ccf1df_6.0.19041.1110_none_60b5254171f9507e;C:\Program Files\JetBrains\IntelliJ IDEA 2021.2\jbr\bin\server

VM Arguments:
java_command: git4idea.http.GitAskPassApp Username for 'https://github.com': 
java_class_path (initial): C:/Program Files/JetBrains/IntelliJ IDEA 2021.2/plugins/vcs-git/lib/git4idea-rt.jar;C:/Program Files/JetBrains/IntelliJ IDEA 2021.2/lib/externalProcess-rt.jar;C:/Program Files/JetBrains/IntelliJ IDEA 2021.2/lib/app.jar;C:/Program Files/JetBrains/IntelliJ IDEA 2021.2/lib/3rd-party-rt.jar
Launcher Type: SUN_STANDARD

[Global flags]
     intx CICompilerCount                          = 4                                         {product} {ergonomic}
     uint ConcGCThreads                            = 3                                         {product} {ergonomic}
     uint G1ConcRefinementThreads                  = 10                                        {product} {ergonomic}
   size_t G1HeapRegionSize                         = 2097152                                   {product} {ergonomic}
    uintx GCDrainStackTargetSize                   = 64                                        {product} {ergonomic}
   size_t InitialHeapSize                          = 268435456                                 {product} {ergonomic}
   size_t MarkStackSize                            = 4194304                                   {product} {ergonomic}
   size_t MaxHeapSize                              = 4278190080                                {product} {ergonomic}
   size_t MinHeapDeltaBytes                        = 2097152                                   {product} {ergonomic}
   size_t MinHeapSize                              = 8388608                                   {product} {ergonomic}
    uintx NonNMethodCodeHeapSize                   = 5839372                                {pd product} {ergonomic}
    uintx NonProfiledCodeHeapSize                  = 122909434                              {pd product} {ergonomic}
    uintx ProfiledCodeHeapSize                     = 122909434                              {pd product} {ergonomic}
    uintx ReservedCodeCacheSize                    = 251658240                              {pd product} {ergonomic}
     bool SegmentedCodeCache                       = true                                      {product} {ergonomic}
   size_t SoftMaxHeapSize                          = 4278190080                             {manageable} {ergonomic}
     bool UseCompressedClassPointers               = true                           {product lp64_product} {ergonomic}
     bool UseCompressedOops                        = true                           {product lp64_product} {ergonomic}
     bool UseG1GC                                  = true                                      {product} {ergonomic}
     bool UseLargePagesIndividualAllocation        = false                                  {pd product} {ergonomic}

Logging:
Log output configuration:
 #0: stdout all=warning uptime,level,tags
 #1: stderr all=off uptime,level,tags

Environment Variables:
PATH=C:/Program Files/Git/mingw64/libexec/git-core;C:/Program Files/Git/mingw64/libexec/git-core;C:\Program Files\Git\mingw64\bin;C:\Program Files\Git\usr\bin;C:\Users\rontap\bin;C:\Python310\Scripts\;C:\Python310\;C:\Program Files\Common Files\Oracle\Java\javapath;C:\Program Files (x86)\Common Files\Oracle\Java\javapath;C:\Python39\Scripts\;C:\Python39\;C:\Program Files (x86)\Common Files\Intel\Shared Libraries\redist\intel64\compiler;C:\Windows\system32;C:\Windows;C:\Windows\System32\Wbem;C:\Windows\System32\WindowsPowerShell\v1.0\;C:\Windows\System32\OpenSSH\;C:\Program Files\PuTTY\;C:\Program Files\Microsoft VS Code\bin;C:\Program Files\Git\cmd;C:\php8;C:\ProgramData\ComposerSetup\bin;C:\Program Files\Docker\Docker\resources\bin;C:\ProgramData\DockerDesktop\version-bin;C:\ProgramData\chocolatey\bin;C:\Program Files\dotnet\;C:\Program Files\Wolfram Research\WolframScript\;C:\Users\rontap\AppData\Roaming\nvm;C:\Program Files\nodejs;C:\Program Files (x86)\nodejs\;C:\Users\rontap\AppData\Roaming\local\bin;C:\Program Files\Common Files\Oracle\Java\javapath;C:\Program Files (x86)\Common Files\Oracle\Java\javapath;C:\Python39\Scripts\;C:\Python39\;C:\Program Files (x86)\Common Files\Intel\Shared Libraries\redist\intel64\compiler;C:\Windows\system32;C:\Windows;C:\Windows\System32\Wbem;C:\Windows\System32\WindowsPowerShell\v1.0\;C:\Windows\System32\OpenSSH\;C:\Program Files\PuTTY\;C:\Program Files\Microsoft VS Code\bin;C:\Program Files\Git\cmd;C:\php8;C:\ProgramData\ComposerSetup\bin;C:\Program Files\Docker\Docker\resources\bin;C:\ProgramData\DockerDesktop\version-bin;C:\Program Files\nodejs\;C:\ProgramData\chocolatey\bin;C:\Program Files (x86)\dotnet\;C:\Program Files\dotnet\;C:\Users\rontap\AppData\Local\Microsoft\WindowsApps;C:\Users\rontap\AppData\Local\GitHubDesktop\bin;C:\Users\rontap\AppData\Roaming\Composer\vendor\bin;C:\Program Files\JetBrains\IntelliJ IDEA 2021.2\bin;C:\Program Files\JetBrains\JetBrains DataSpell 213.2094.12\bin;C:\Users\rontap\DKsources\convert\;
USERNAME=rontap
DISPLAY=:0.0
LC_ALL=en_US.UTF-8
TERM=cygwin
TMPDIR=C:\Users\rontap\AppData\Local\Temp
OS=Windows_NT
PROCESSOR_IDENTIFIER=AMD64 Family 23 Model 8 Stepping 2, AuthenticAMD
TMP=C:\Users\rontap\AppData\Local\Temp
TEMP=C:\Users\rontap\AppData\Local\Temp



---------------  S Y S T E M  ---------------

OS:
 Windows 10 , 64 bit Build 19041 (10.0.19041.2364)
OS uptime: 0 days 10:19 hours
Hyper-V role detected

CPU: total 12 (initial active 12) (12 cores per cpu, 2 threads per core) family 23 model 8 stepping 2 microcode 0x0, cx8, cmov, fxsr, ht, mmx, 3dnowpref, sse, sse2, sse3, ssse3, sse4a, sse4.1, sse4.2, popcnt, lzcnt, tsc, tscinvbit, avx, avx2, aes, clmul, bmi1, bmi2, adx, sha, fma, vzeroupper, clflush, clflushopt, hv

Memory: 4k page, system-wide physical 16315M (3434M free)
TotalPageFile size 27210M (AvailPageFile size 5M)
current process WorkingSet (physical memory assigned to process): 9M, peak: 9M
current process commit charge ("private bytes"): 12M, peak: 13M

vm_info: OpenJDK 64-Bit Server VM (17.0.5+1-b653.14) for windows-amd64 JRE (17.0.5+1-b653.14), built on 2022-11-10 by "builduser" with MS VC++ 16.10 / 16.11 (VS2019)

END.
